# JRE version: OpenJDK Runtime Environment (8.0_242-b01) (build 1.8.0_242-release-1644-b01)
# Java VM: OpenJDK 64-Bit Server VM (25.242-b01 mixed mode windows-amd64 compressed oops)
Heap:
 PSYoungGen      total 336384K, used 335444K [0x00000000d5580000, 0x00000000ec000000, 0x0000000100000000)
  eden space 312832K, 99% used [0x00000000d5580000,0x00000000e868b758,0x00000000e8700000)
  from space 23552K, 97% used [0x00000000ea900000,0x00000000ebf898f8,0x00000000ec000000)
  to   space 27648K, 0% used [0x00000000e8a00000,0x00000000e8a00000,0x00000000ea500000)
 ParOldGen       total 96768K, used 42707K [0x0000000080000000, 0x0000000085e80000, 0x00000000d5580000)
  object space 96768K, 44% used [0x0000000080000000,0x00000000829b4fb8,0x0000000085e80000)
 Metaspace       used 92959K, capacity 97704K, committed 97712K, reserved 1134592K
  class space    used 12328K, capacity 13228K, committed 13232K, reserved 1048576K
GC Heap History (10 events):
Event: 11.147 GC heap before
{Heap before GC invocations=13 (full 2):
 PSYoungGen      total 187392K, used 187171K [0x00000000d5580000, 0x00000000e2780000, 0x0000000100000000)
  eden space 176640K, 100% used [0x00000000d5580000,0x00000000e0200000,0x00000000e0200000)
  from space 10752K, 97% used [0x00000000e1d00000,0x00000000e2748e40,0x00000000e2780000)
  to   space 13312K, 0% used [0x00000000e0d80000,0x00000000e0d80000,0x00000000e1a80000)
 ParOldGen       total 67584K, used 17675K [0x0000000080000000, 0x0000000084200000, 0x00000000d5580000)
  object space 67584K, 26% used [0x0000000080000000,0x0000000081142e20,0x0000000084200000)
 Metaspace       used 56079K, capacity 58356K, committed 58672K, reserved 1099776K
  class space    used 7447K, capacity 7917K, committed 7984K, reserved 1048576K
Event: 11.177 GC heap after
Heap after GC invocations=13 (full 2):
 PSYoungGen      total 201728K, used 13310K [0x00000000d5580000, 0x00000000e6980000, 0x0000000100000000)
  eden space 188416K, 0% used [0x00000000d5580000,0x00000000d5580000,0x00000000e0d80000)
  from space 13312K, 99% used [0x00000000e0d80000,0x00000000e1a7fab8,0x00000000e1a80000)
  to   space 19968K, 0% used [0x00000000e5600000,0x00000000e5600000,0x00000000e6980000)
 ParOldGen       total 67584K, used 31294K [0x0000000080000000, 0x0000000084200000, 0x00000000d5580000)
  object space 67584K, 46% used [0x0000000080000000,0x0000000081e8f820,0x0000000084200000)
 Metaspace       used 56079K, capacity 58356K, committed 58672K, reserved 1099776K
  class space    used 7447K, capacity 7917K, committed 7984K, reserved 1048576K
}
Event: 11.269 GC heap before
{Heap before GC invocations=14 (full 2):
 PSYoungGen      total 201728K, used 20544K [0x00000000d5580000, 0x00000000e6980000, 0x0000000100000000)
  eden space 188416K, 3% used [0x00000000d5580000,0x00000000d5c908e8,0x00000000e0d80000)
  from space 13312K, 99% used [0x00000000e0d80000,0x00000000e1a7fab8,0x00000000e1a80000)
  to   space 19968K, 0% used [0x00000000e5600000,0x00000000e5600000,0x00000000e6980000)
 ParOldGen       total 67584K, used 31294K [0x0000000080000000, 0x0000000084200000, 0x00000000d5580000)
  object space 67584K, 46% used [0x0000000080000000,0x0000000081e8f820,0x0000000084200000)
 Metaspace       used 56793K, capacity 59092K, committed 59160K, reserved 1099776K
  class space    used 7582K, capacity 8095K, committed 8112K, reserved 1048576K
Event: 11.278 GC heap after
Heap after GC invocations=14 (full 2):
 PSYoungGen      total 262144K, used 928K [0x00000000d5580000, 0x00000000e8480000, 0x0000000100000000)
  eden space 242176K, 0% used [0x00000000d5580000,0x00000000d5580000,0x00000000e4200000)
  from space 19968K, 4% used [0x00000000e5600000,0x00000000e56e8220,0x00000000e6980000)
  to   space 20480K, 0% used [0x00000000e4200000,0x00000000e4200000,0x00000000e5600000)
 ParOldGen       total 67584K, used 41621K [0x0000000080000000, 0x0000000084200000, 0x00000000d5580000)
  object space 67584K, 61% used [0x0000000080000000,0x00000000828a5540,0x0000000084200000)
 Metaspace       used 56793K, capacity 59092K, committed 59160K, reserved 1099776K
  class space    used 7582K, capacity 8095K, committed 8112K, reserved 1048576K
}
Event: 11.278 GC heap before
{Heap before GC invocations=15 (full 3):
 PSYoungGen      total 262144K, used 928K [0x00000000d5580000, 0x00000000e8480000, 0x0000000100000000)
  eden space 242176K, 0% used [0x00000000d5580000,0x00000000d5580000,0x00000000e4200000)
  from space 19968K, 4% used [0x00000000e5600000,0x00000000e56e8220,0x00000000e6980000)
  to   space 20480K, 0% used [0x00000000e4200000,0x00000000e4200000,0x00000000e5600000)
 ParOldGen       total 67584K, used 41621K [0x0000000080000000, 0x0000000084200000, 0x00000000d5580000)
  object space 67584K, 61% used [0x0000000080000000,0x00000000828a5540,0x0000000084200000)
 Metaspace       used 56793K, capacity 59092K, committed 59160K, reserved 1099776K
  class space    used 7582K, capacity 8095K, committed 8112K, reserved 1048576K
Event: 11.510 GC heap after
Heap after GC invocations=15 (full 3):
 PSYoungGen      total 262144K, used 0K [0x00000000d5580000, 0x00000000e8480000, 0x0000000100000000)
  eden space 242176K, 0% used [0x00000000d5580000,0x00000000d5580000,0x00000000e4200000)
  from space 19968K, 0% used [0x00000000e5600000,0x00000000e5600000,0x00000000e6980000)
  to   space 20480K, 0% used [0x00000000e4200000,0x00000000e4200000,0x00000000e5600000)
 ParOldGen       total 96768K, used 29546K [0x0000000080000000, 0x0000000085e80000, 0x00000000d5580000)
  object space 96768K, 30% used [0x0000000080000000,0x0000000081cda840,0x0000000085e80000)
 Metaspace       used 56681K, capacity 58768K, committed 59160K, reserved 1099776K
  class space    used 7551K, capacity 8052K, committed 8112K, reserved 1048576K
}
Event: 14.164 GC heap before
{Heap before GC invocations=16 (full 3):
 PSYoungGen      total 262144K, used 242176K [0x00000000d5580000, 0x00000000e8480000, 0x0000000100000000)
  eden space 242176K, 100% used [0x00000000d5580000,0x00000000e4200000,0x00000000e4200000)
  from space 19968K, 0% used [0x00000000e5600000,0x00000000e5600000,0x00000000e6980000)
  to   space 20480K, 0% used [0x00000000e4200000,0x00000000e4200000,0x00000000e5600000)
 ParOldGen       total 96768K, used 29546K [0x0000000080000000, 0x0000000085e80000, 0x00000000d5580000)
  object space 96768K, 30% used [0x0000000080000000,0x0000000081cda840,0x0000000085e80000)
 Metaspace       used 70032K, capacity 72604K, committed 72880K, reserved 1112064K
  class space    used 9513K, capacity 10055K, committed 10160K, reserved 1048576K
Event: 14.184 GC heap after
Heap after GC invocations=16 (full 3):
 PSYoungGen      total 262656K, used 20475K [0x00000000d5580000, 0x00000000ec080000, 0x0000000100000000)
  eden space 242176K, 0% used [0x00000000d5580000,0x00000000d5580000,0x00000000e4200000)
  from space 20480K, 99% used [0x00000000e4200000,0x00000000e55feea8,0x00000000e5600000)
  to   space 24064K, 0% used [0x00000000ea900000,0x00000000ea900000,0x00000000ec080000)
 ParOldGen       total 96768K, used 30465K [0x0000000080000000, 0x0000000085e80000, 0x00000000d5580000)
  object space 96768K, 31% used [0x0000000080000000,0x0000000081dc0608,0x0000000085e80000)
 Metaspace       used 70032K, capacity 72604K, committed 72880K, reserved 1112064K
  class space    used 9513K, capacity 10055K, committed 10160K, reserved 1048576K
}
Event: 2068.212 GC heap before
{Heap before GC invocations=17 (full 3):
 PSYoungGen      total 262656K, used 262651K [0x00000000d5580000, 0x00000000ec080000, 0x0000000100000000)
  eden space 242176K, 100% used [0x00000000d5580000,0x00000000e4200000,0x00000000e4200000)
  from space 20480K, 99% used [0x00000000e4200000,0x00000000e55feea8,0x00000000e5600000)
  to   space 24064K, 0% used [0x00000000ea900000,0x00000000ea900000,0x00000000ec080000)
 ParOldGen       total 96768K, used 30465K [0x0000000080000000, 0x0000000085e80000, 0x00000000d5580000)
  object space 96768K, 31% used [0x0000000080000000,0x0000000081dc0608,0x0000000085e80000)
 Metaspace       used 79969K, capacity 84038K, committed 84144K, reserved 1122304K
  class space    used 10616K, capacity 11431K, committed 11440K, reserved 1048576K
Event: 2068.242 GC heap after
Heap after GC invocations=17 (full 3):
 PSYoungGen      total 336384K, used 23078K [0x00000000d5580000, 0x00000000ec000000, 0x0000000100000000)
  eden space 312832K, 0% used [0x00000000d5580000,0x00000000d5580000,0x00000000e8700000)
  from space 23552K, 97% used [0x00000000ea900000,0x00000000ebf898f8,0x00000000ec000000)
  to   space 27648K, 0% used [0x00000000e8a00000,0x00000000e8a00000,0x00000000ea500000)
 ParOldGen       total 96768K, used 42707K [0x0000000080000000, 0x0000000085e80000, 0x00000000d5580000)
  object space 96768K, 44% used [0x0000000080000000,0x00000000829b4fb8,0x0000000085e80000)
 Metaspace       used 79969K, capacity 84038K, committed 84144K, reserved 1122304K
  class space    used 10616K, capacity 11431K, committed 11440K, reserved 1048576K
}

